[2025-11-19 22:50:32] === TrendRadar 定期任务开始 ===
[2025-11-19 22:50:32] 工作目录: /home/baize/workspace/TrendRadar
[2025-11-19 22:50:32] 日志文件: /home/baize/workspace/TrendRadar/logs/trendradar_20251119_225032.log
[2025-11-19 22:50:32] ✅ 环境检查通过，开始执行分析...
[2025-11-19 22:50:32] 执行命令: python3 main.py
[2025-11-19 22:50:55] 正在加载配置...
[2025-11-19 22:50:55] 配置文件加载成功: config/config.yaml
[2025-11-19 22:50:55] 未配置任何通知渠道
[2025-11-19 22:50:55] TrendRadar v3.0.5 配置加载完成
[2025-11-19 22:50:55] 监控平台数量: 11
[2025-11-19 22:50:55] 本地环境，未启用代理
[2025-11-19 22:50:55] 当前北京时间: 2025-11-19 22:50:32
[2025-11-19 22:50:55] 未配置任何通知渠道，将只进行数据抓取，不发送通知
[2025-11-19 22:50:55] 报告模式: daily
[2025-11-19 22:50:55] 运行模式: 当日汇总模式（所有匹配新闻 + 新增新闻区域 + 按时推送）
[2025-11-19 22:50:55] 配置的监控平台: ['今日头条', '百度热搜', '华尔街见闻', '澎湃新闻', 'bilibili 热搜', '财联社热门', '凤凰网', '贴吧', '微博', '抖音', '知乎']
[2025-11-19 22:50:55] 开始爬取数据，请求间隔 1000 毫秒
[2025-11-19 22:50:55] 获取 toutiao 成功（最新数据）
[2025-11-19 22:50:55] 获取 baidu 成功（最新数据）
[2025-11-19 22:50:55] 获取 wallstreetcn-hot 成功（最新数据）
[2025-11-19 22:50:55] 获取 thepaper 成功（最新数据）
[2025-11-19 22:50:55] 获取 bilibili-hot-search 成功（缓存数据）
[2025-11-19 22:50:55] 获取 cls-hot 成功（最新数据）
[2025-11-19 22:50:55] 获取 ifeng 成功（最新数据）
[2025-11-19 22:50:55] 获取 tieba 成功（最新数据）
[2025-11-19 22:50:55] 获取 weibo 成功（缓存数据）
[2025-11-19 22:50:55] 获取 douyin 成功（最新数据）
[2025-11-19 22:50:55] 获取 zhihu 成功（最新数据）
[2025-11-19 22:50:55] 成功: ['toutiao', 'baidu', 'wallstreetcn-hot', 'thepaper', 'bilibili-hot-search', 'cls-hot', 'ifeng', 'tieba', 'weibo', 'douyin', 'zhihu'], 失败: []
[2025-11-19 22:50:55] 标题已保存到: output/2025年11月19日/txt/22时50分.txt
[2025-11-19 22:50:55] 当日汇总模式：处理 255 条新闻，模式：频率词过滤
[2025-11-19 22:50:55] 报告已生成: output/2025年11月19日/html/22时50分.html, output/2025年11月19日/md/22时50分.md
[2025-11-19 22:50:55] 生成当日汇总报告...
[2025-11-19 22:50:55] 当前监控平台: ['toutiao', 'baidu', 'wallstreetcn-hot', 'thepaper', 'bilibili-hot-search', 'cls-hot', 'ifeng', 'tieba', 'weibo', 'douyin', 'zhihu']
[2025-11-19 22:50:55] 读取到 385 个标题（已按当前监控平台过滤）
[2025-11-19 22:50:55] 当日汇总模式：处理 385 条新闻，模式：频率词过滤
[2025-11-19 22:50:55] 当日汇总报告已生成: output/2025年11月19日/html/当日汇总.html, output/2025年11月19日/md/当日汇总.md
[2025-11-19 22:50:55] ⚠️ 警告：通知功能已启用但未配置任何通知渠道，将跳过通知发送
[2025-11-19 22:50:55] 正在打开汇总报告: file:///home/baize/workspace/TrendRadar/output/2025年11月19日/html/当日汇总.html
[2025-11-19 22:50:55] ✅ TrendRadar 任务执行成功
[2025-11-19 22:50:55] === TrendRadar 定期任务结束 ===
[2025-11-19 22:50:55] 
